# JRE version: Java(TM) SE Runtime Environment (8.0_162-b12) (build 1.8.0_162-b12)
# Java VM: Java HotSpot(TM) 64-Bit Server VM (25.162-b12 mixed mode windows-amd64 compressed oops)
Heap:
 PSYoungGen      total 232960K, used 98669K [0x00000000eab00000, 0x0000000100000000, 0x0000000100000000)
  eden space 116736K, 75% used [0x00000000eab00000,0x00000000f00882f8,0x00000000f1d00000)
  from space 116224K, 9% used [0x00000000f1d00000,0x00000000f27d3118,0x00000000f8e80000)
  to   space 116224K, 0% used [0x00000000f8e80000,0x00000000f8e80000,0x0000000100000000)
 ParOldGen       total 501248K, used 200265K [0x00000000c0000000, 0x00000000de980000, 0x00000000eab00000)
  object space 501248K, 39% used [0x00000000c0000000,0x00000000cc392438,0x00000000de980000)
 Metaspace       used 83212K, capacity 88678K, committed 88880K, reserved 1126400K
  class space    used 11161K, capacity 12306K, committed 12336K, reserved 1048576K
GC Heap History (10 events):
Event: 13.949 GC heap before
{Heap before GC invocations=13 (full 3):
 PSYoungGen      total 283648K, used 267776K [0x00000000eab00000, 0x0000000100000000, 0x0000000100000000)
  eden space 267776K, 100% used [0x00000000eab00000,0x00000000fb080000,0x00000000fb080000)
  from space 15872K, 0% used [0x00000000fb080000,0x00000000fb080000,0x00000000fc000000)
  to   space 59392K, 0% used [0x00000000fc600000,0x00000000fc600000,0x0000000100000000)
 ParOldGen       total 302080K, used 85228K [0x00000000c0000000, 0x00000000d2700000, 0x00000000eab00000)
  object space 302080K, 28% used [0x00000000c0000000,0x00000000c533b0b0,0x00000000d2700000)
 Metaspace       used 63512K, capacity 67586K, committed 67760K, reserved 1107968K
  class space    used 8645K, capacity 9574K, committed 9648K, reserved 1048576K
Event: 13.988 GC heap after
Heap after GC invocations=13 (full 3):
 PSYoungGen      total 254976K, used 59361K [0x00000000eab00000, 0x0000000100000000, 0x0000000100000000)
  eden space 195584K, 0% used [0x00000000eab00000,0x00000000eab00000,0x00000000f6a00000)
  from space 59392K, 99% used [0x00000000fc600000,0x00000000ffff85f8,0x0000000100000000)
  to   space 76800K, 0% used [0x00000000f6a00000,0x00000000f6a00000,0x00000000fb500000)
 ParOldGen       total 302080K, used 104753K [0x00000000c0000000, 0x00000000d2700000, 0x00000000eab00000)
  object space 302080K, 34% used [0x00000000c0000000,0x00000000c664c698,0x00000000d2700000)
 Metaspace       used 63512K, capacity 67586K, committed 67760K, reserved 1107968K
  class space    used 8645K, capacity 9574K, committed 9648K, reserved 1048576K
}
Event: 15.077 GC heap before
{Heap before GC invocations=14 (full 3):
 PSYoungGen      total 254976K, used 254945K [0x00000000eab00000, 0x0000000100000000, 0x0000000100000000)
  eden space 195584K, 100% used [0x00000000eab00000,0x00000000f6a00000,0x00000000f6a00000)
  from space 59392K, 99% used [0x00000000fc600000,0x00000000ffff85f8,0x0000000100000000)
  to   space 76800K, 0% used [0x00000000f6a00000,0x00000000f6a00000,0x00000000fb500000)
 ParOldGen       total 302080K, used 104753K [0x00000000c0000000, 0x00000000d2700000, 0x00000000eab00000)
  object space 302080K, 34% used [0x00000000c0000000,0x00000000c664c698,0x00000000d2700000)
 Metaspace       used 71576K, capacity 76064K, committed 76336K, reserved 1114112K
  class space    used 9718K, capacity 10717K, committed 10800K, reserved 1048576K
Event: 15.107 GC heap after
Heap after GC invocations=14 (full 3):
 PSYoungGen      total 267776K, used 72046K [0x00000000eab00000, 0x0000000100000000, 0x0000000100000000)
  eden space 195584K, 0% used [0x00000000eab00000,0x00000000eab00000,0x00000000f6a00000)
  from space 72192K, 99% used [0x00000000f6a00000,0x00000000fb05b898,0x00000000fb080000)
  to   space 81408K, 0% used [0x00000000fb080000,0x00000000fb080000,0x0000000100000000)
 ParOldGen       total 302080K, used 121145K [0x00000000c0000000, 0x00000000d2700000, 0x00000000eab00000)
  object space 302080K, 40% used [0x00000000c0000000,0x00000000c764e6a8,0x00000000d2700000)
 Metaspace       used 71576K, capacity 76064K, committed 76336K, reserved 1114112K
  class space    used 9718K, capacity 10717K, committed 10800K, reserved 1048576K
}
Event: 32.244 GC heap before
{Heap before GC invocations=15 (full 3):
 PSYoungGen      total 267776K, used 267630K [0x00000000eab00000, 0x0000000100000000, 0x0000000100000000)
  eden space 195584K, 100% used [0x00000000eab00000,0x00000000f6a00000,0x00000000f6a00000)
  from space 72192K, 99% used [0x00000000f6a00000,0x00000000fb05b898,0x00000000fb080000)
  to   space 81408K, 0% used [0x00000000fb080000,0x00000000fb080000,0x0000000100000000)
 ParOldGen       total 302080K, used 121145K [0x00000000c0000000, 0x00000000d2700000, 0x00000000eab00000)
  object space 302080K, 40% used [0x00000000c0000000,0x00000000c764e6a8,0x00000000d2700000)
 Metaspace       used 80516K, capacity 85842K, committed 86064K, reserved 1124352K
  class space    used 10860K, capacity 11992K, committed 12080K, reserved 1048576K
Event: 32.290 GC heap after
Heap after GC invocations=15 (full 3):
 PSYoungGen      total 198144K, used 81387K [0x00000000eab00000, 0x0000000100000000, 0x0000000100000000)
  eden space 116736K, 0% used [0x00000000eab00000,0x00000000eab00000,0x00000000f1d00000)
  from space 81408K, 99% used [0x00000000fb080000,0x00000000fffface8,0x0000000100000000)
  to   space 116224K, 0% used [0x00000000f1d00000,0x00000000f1d00000,0x00000000f8e80000)
 ParOldGen       total 302080K, used 231798K [0x00000000c0000000, 0x00000000d2700000, 0x00000000eab00000)
  object space 302080K, 76% used [0x00000000c0000000,0x00000000ce25d940,0x00000000d2700000)
 Metaspace       used 80516K, capacity 85842K, committed 86064K, reserved 1124352K
  class space    used 10860K, capacity 11992K, committed 12080K, reserved 1048576K
}
Event: 32.290 GC heap before
{Heap before GC invocations=16 (full 4):
 PSYoungGen      total 198144K, used 81387K [0x00000000eab00000, 0x0000000100000000, 0x0000000100000000)
  eden space 116736K, 0% used [0x00000000eab00000,0x00000000eab00000,0x00000000f1d00000)
  from space 81408K, 99% used [0x00000000fb080000,0x00000000fffface8,0x0000000100000000)
  to   space 116224K, 0% used [0x00000000f1d00000,0x00000000f1d00000,0x00000000f8e80000)
 ParOldGen       total 302080K, used 231798K [0x00000000c0000000, 0x00000000d2700000, 0x00000000eab00000)
  object space 302080K, 76% used [0x00000000c0000000,0x00000000ce25d940,0x00000000d2700000)
 Metaspace       used 80516K, capacity 85842K, committed 86064K, reserved 1124352K
  class space    used 10860K, capacity 11992K, committed 12080K, reserved 1048576K
Event: 32.411 GC heap after
Heap after GC invocations=16 (full 4):
 PSYoungGen      total 198144K, used 0K [0x00000000eab00000, 0x0000000100000000, 0x0000000100000000)
  eden space 116736K, 0% used [0x00000000eab00000,0x00000000eab00000,0x00000000f1d00000)
  from space 81408K, 0% used [0x00000000fb080000,0x00000000fb080000,0x0000000100000000)
  to   space 116224K, 0% used [0x00000000f1d00000,0x00000000f1d00000,0x00000000f8e80000)
 ParOldGen       total 501248K, used 200257K [0x00000000c0000000, 0x00000000de980000, 0x00000000eab00000)
  object space 501248K, 39% used [0x00000000c0000000,0x00000000cc390438,0x00000000de980000)
 Metaspace       used 80399K, capacity 85592K, committed 86064K, reserved 1124352K
  class space    used 10834K, capacity 11947K, committed 12080K, reserved 1048576K
}
Event: 163.796 GC heap before
{Heap before GC invocations=17 (full 4):
 PSYoungGen      total 198144K, used 116736K [0x00000000eab00000, 0x0000000100000000, 0x0000000100000000)
  eden space 116736K, 100% used [0x00000000eab00000,0x00000000f1d00000,0x00000000f1d00000)
  from space 81408K, 0% used [0x00000000fb080000,0x00000000fb080000,0x0000000100000000)
  to   space 116224K, 0% used [0x00000000f1d00000,0x00000000f1d00000,0x00000000f8e80000)
 ParOldGen       total 501248K, used 200257K [0x00000000c0000000, 0x00000000de980000, 0x00000000eab00000)
  object space 501248K, 39% used [0x00000000c0000000,0x00000000cc390438,0x00000000de980000)
 Metaspace       used 82920K, capacity 88302K, committed 88368K, reserved 1126400K
  class space    used 11158K, capacity 12300K, committed 12336K, reserved 1048576K
Event: 163.808 GC heap after
Heap after GC invocations=17 (full 4):
 PSYoungGen      total 232960K, used 11084K [0x00000000eab00000, 0x0000000100000000, 0x0000000100000000)
  eden space 116736K, 0% used [0x00000000eab00000,0x00000000eab00000,0x00000000f1d00000)
  from space 116224K, 9% used [0x00000000f1d00000,0x00000000f27d3118,0x00000000f8e80000)
  to   space 116224K, 0% used [0x00000000f8e80000,0x00000000f8e80000,0x0000000100000000)
 ParOldGen       total 501248K, used 200265K [0x00000000c0000000, 0x00000000de980000, 0x00000000eab00000)
  object space 501248K, 39% used [0x00000000c0000000,0x00000000cc392438,0x00000000de980000)
 Metaspace       used 82920K, capacity 88302K, committed 88368K, reserved 1126400K
  class space    used 11158K, capacity 12300K, committed 12336K, reserved 1048576K
}

